2022-07-25 17:50:00.596  INFO 16164 --- [restartedMain] com.deloitte.spring.boot.demo.App        : Starting App using Java 17.0.3 on VAMUX with PID 16164 (D:\VamanPro\Codes\STS_WS\STS_2022\com-deloitte-spring-boot-demo\target\classes started by DELL in D:\VamanPro\Codes\STS_WS\STS_2022\com-deloitte-spring-boot-demo)
2022-07-25 17:50:00.596  INFO 16164 --- [restartedMain] com.deloitte.spring.boot.demo.App        : No active profile set, falling back to 1 default profile: "default"
2022-07-25 17:50:00.666  INFO 16164 --- [restartedMain] .s.d.r.c.RepositoryConfigurationDelegate : Bootstrapping Spring Data JPA repositories in DEFAULT mode.
2022-07-25 17:50:00.669  INFO 16164 --- [restartedMain] .s.d.r.c.RepositoryConfigurationDelegate : Finished Spring Data repository scanning in 2 ms. Found 1 JPA repository interfaces.
2022-07-25 17:50:00.700  INFO 16164 --- [restartedMain] o.s.b.w.embedded.tomcat.TomcatWebServer  : Tomcat initialized with port(s): 9999 (http)
2022-07-25 17:50:00.701  INFO 16164 --- [restartedMain] o.apache.catalina.core.StandardService   : Starting service [Tomcat]
2022-07-25 17:50:00.701  INFO 16164 --- [restartedMain] org.apache.catalina.core.StandardEngine  : Starting Servlet engine: [Apache Tomcat/9.0.63]
2022-07-25 17:50:00.711  INFO 16164 --- [restartedMain] o.a.c.c.C.[Tomcat-1].[localhost].[/]     : Initializing Spring embedded WebApplicationContext
2022-07-25 17:50:00.711  INFO 16164 --- [restartedMain] w.s.c.ServletWebServerApplicationContext : Root WebApplicationContext: initialization completed in 114 ms
2022-07-25 17:50:00.725  INFO 16164 --- [restartedMain] o.hibernate.jpa.internal.util.LogHelper  : HHH000204: Processing PersistenceUnitInfo [name: default]
2022-07-25 17:50:00.727  INFO 16164 --- [restartedMain] com.zaxxer.hikari.HikariDataSource       : HikariPool-7 - Starting...
2022-07-25 17:50:00.737  INFO 16164 --- [restartedMain] com.zaxxer.hikari.HikariDataSource       : HikariPool-7 - Start completed.
2022-07-25 17:50:00.737  INFO 16164 --- [restartedMain] org.hibernate.dialect.Dialect            : HHH000400: Using dialect: org.hibernate.dialect.MySQL8Dialect
2022-07-25 17:50:00.748  INFO 16164 --- [restartedMain] o.h.e.t.j.p.i.JtaPlatformInitiator       : HHH000490: Using JtaPlatform implementation: [org.hibernate.engine.transaction.jta.platform.internal.NoJtaPlatform]
2022-07-25 17:50:00.749  INFO 16164 --- [restartedMain] j.LocalContainerEntityManagerFactoryBean : Initialized JPA EntityManagerFactory for persistence unit 'default'
2022-07-25 17:50:00.795  WARN 16164 --- [restartedMain] JpaBaseConfiguration$JpaWebConfiguration : spring.jpa.open-in-view is enabled by default. Therefore, database queries may be performed during view rendering. Explicitly configure spring.jpa.open-in-view to disable this warning
2022-07-25 17:50:01.087  INFO 16164 --- [restartedMain] o.s.b.d.a.OptionalLiveReloadServer       : LiveReload server is running on port 35729
2022-07-25 17:50:01.100  INFO 16164 --- [restartedMain] o.s.b.w.embedded.tomcat.TomcatWebServer  : Tomcat started on port(s): 9999 (http) with context path ''
2022-07-25 17:50:01.102  INFO 16164 --- [restartedMain] com.deloitte.spring.boot.demo.App        : Started App in 0.527 seconds (JVM running for 1688.829)
2022-07-25 17:50:01.104  INFO 16164 --- [restartedMain] .ConditionEvaluationDeltaLoggingListener : Condition evaluation unchanged
2022-07-25 17:50:01.104  INFO 16164 --- [restartedMain] com.deloitte.spring.boot.demo.App        : Started deloitte app...
2022-07-25 17:50:15.172  INFO 16164 --- [Thread-26] j.LocalContainerEntityManagerFactoryBean : Closing JPA EntityManagerFactory for persistence unit 'default'
2022-07-25 17:50:15.172  INFO 16164 --- [Thread-26] com.zaxxer.hikari.HikariDataSource       : HikariPool-7 - Shutdown initiated...
2022-07-25 17:50:15.175  INFO 16164 --- [Thread-26] com.zaxxer.hikari.HikariDataSource       : HikariPool-7 - Shutdown completed.
2022-07-25 17:50:15.208  INFO 16164 --- [restartedMain] com.deloitte.spring.boot.demo.App        : Starting deloitte app...
2022-07-25 17:50:15.224  INFO 16164 --- [restartedMain] com.deloitte.spring.boot.demo.App        : Starting App using Java 17.0.3 on VAMUX with PID 16164 (D:\VamanPro\Codes\STS_WS\STS_2022\com-deloitte-spring-boot-demo\target\classes started by DELL in D:\VamanPro\Codes\STS_WS\STS_2022\com-deloitte-spring-boot-demo)
2022-07-25 17:50:15.224  INFO 16164 --- [restartedMain] com.deloitte.spring.boot.demo.App        : No active profile set, falling back to 1 default profile: "default"
2022-07-25 17:50:15.294  INFO 16164 --- [restartedMain] .s.d.r.c.RepositoryConfigurationDelegate : Bootstrapping Spring Data JPA repositories in DEFAULT mode.
2022-07-25 17:50:15.297  INFO 16164 --- [restartedMain] .s.d.r.c.RepositoryConfigurationDelegate : Finished Spring Data repository scanning in 3 ms. Found 1 JPA repository interfaces.
2022-07-25 17:50:15.332  INFO 16164 --- [restartedMain] o.s.b.w.embedded.tomcat.TomcatWebServer  : Tomcat initialized with port(s): 9999 (http)
2022-07-25 17:50:15.332  INFO 16164 --- [restartedMain] o.apache.catalina.core.StandardService   : Starting service [Tomcat]
2022-07-25 17:50:15.332  INFO 16164 --- [restartedMain] org.apache.catalina.core.StandardEngine  : Starting Servlet engine: [Apache Tomcat/9.0.63]
2022-07-25 17:50:15.343  INFO 16164 --- [restartedMain] o.a.c.c.C.[Tomcat-1].[localhost].[/]     : Initializing Spring embedded WebApplicationContext
2022-07-25 17:50:15.343  INFO 16164 --- [restartedMain] w.s.c.ServletWebServerApplicationContext : Root WebApplicationContext: initialization completed in 117 ms
2022-07-25 17:50:15.360  INFO 16164 --- [restartedMain] o.hibernate.jpa.internal.util.LogHelper  : HHH000204: Processing PersistenceUnitInfo [name: default]
2022-07-25 17:50:15.362  INFO 16164 --- [restartedMain] com.zaxxer.hikari.HikariDataSource       : HikariPool-8 - Starting...
2022-07-25 17:50:15.374  INFO 16164 --- [restartedMain] com.zaxxer.hikari.HikariDataSource       : HikariPool-8 - Start completed.
2022-07-25 17:50:15.374  INFO 16164 --- [restartedMain] org.hibernate.dialect.Dialect            : HHH000400: Using dialect: org.hibernate.dialect.MySQL8Dialect
2022-07-25 17:50:15.385  INFO 16164 --- [restartedMain] o.h.e.t.j.p.i.JtaPlatformInitiator       : HHH000490: Using JtaPlatform implementation: [org.hibernate.engine.transaction.jta.platform.internal.NoJtaPlatform]
2022-07-25 17:50:15.386  INFO 16164 --- [restartedMain] j.LocalContainerEntityManagerFactoryBean : Initialized JPA EntityManagerFactory for persistence unit 'default'
2022-07-25 17:50:15.415  WARN 16164 --- [restartedMain] JpaBaseConfiguration$JpaWebConfiguration : spring.jpa.open-in-view is enabled by default. Therefore, database queries may be performed during view rendering. Explicitly configure spring.jpa.open-in-view to disable this warning
2022-07-25 17:50:15.703  INFO 16164 --- [restartedMain] o.s.b.d.a.OptionalLiveReloadServer       : LiveReload server is running on port 35729
2022-07-25 17:50:15.710  INFO 16164 --- [restartedMain] o.s.b.w.embedded.tomcat.TomcatWebServer  : Tomcat started on port(s): 9999 (http) with context path ''
2022-07-25 17:50:15.712  INFO 16164 --- [restartedMain] com.deloitte.spring.boot.demo.App        : Started App in 0.5 seconds (JVM running for 1703.439)
2022-07-25 17:50:15.714  INFO 16164 --- [restartedMain] .ConditionEvaluationDeltaLoggingListener : Condition evaluation unchanged
2022-07-25 17:50:15.714  INFO 16164 --- [restartedMain] com.deloitte.spring.boot.demo.App        : Started deloitte app...
2022-07-25 17:50:21.885  INFO 16164 --- [http-nio-9999-exec-2] o.a.c.c.C.[Tomcat-1].[localhost].[/]     : Initializing Spring DispatcherServlet 'dispatcherServlet'
2022-07-25 17:50:21.885  INFO 16164 --- [http-nio-9999-exec-2] o.s.web.servlet.DispatcherServlet        : Initializing Servlet 'dispatcherServlet'
2022-07-25 17:50:21.886  INFO 16164 --- [http-nio-9999-exec-2] o.s.web.servlet.DispatcherServlet        : Completed initialization in 1 ms
2022-07-25 17:50:21.887  INFO 16164 --- [http-nio-9999-exec-2] c.d.s.boot.demo.service.EmployeeService  : getEmployeeById
2022-07-25 17:50:22.953  INFO 16164 --- [http-nio-9999-exec-3] c.d.s.boot.demo.service.EmployeeService  : getEmployeeById
2022-07-25 17:54:03.315  INFO 16164 --- [Thread-30] j.LocalContainerEntityManagerFactoryBean : Closing JPA EntityManagerFactory for persistence unit 'default'
2022-07-25 17:54:03.316  INFO 16164 --- [Thread-30] com.zaxxer.hikari.HikariDataSource       : HikariPool-8 - Shutdown initiated...
2022-07-25 17:54:03.319  INFO 16164 --- [Thread-30] com.zaxxer.hikari.HikariDataSource       : HikariPool-8 - Shutdown completed.
2022-07-25 17:54:03.345  INFO 16164 --- [restartedMain] com.deloitte.spring.boot.demo.App        : Starting deloitte app...
